<?xml version="1.0" encoding="UTF-8"?>
<!-- Generated by org.testng.reporters.JUnitReportReporter -->
<testsuite hostname="DESKTOP-60KT8MB" name="gitTestP.GitTestCls" tests="1" failures="0" timestamp="14 Aug 2020 10:48:07 GMT" time="22.933" errors="0">
  <testcase name="loginTest" time="22.933" classname="gitTestP.GitTestCls"/>
</testsuite> <!-- gitTestP.GitTestCls -->
